<?xml version="1.0" encoding="UTF-8"?>
<!-- Generated by org.testng.reporters.JUnitReportReporter -->
<testsuite hostname="DESKTOP-O4T78L9" failures="0" tests="1" name="demo.Democlass" time="0.022" errors="0" timestamp="2023-05-11T08:42:33 IST" skipped="0">
  <testcase classname="demo.Democlass" name="print" time="0.022"/>
  <system-out/>
</testsuite> <!-- demo.Democlass -->
